<?xml version="1.0" encoding="UTF-8"?>
<!-- Generated by org.testng.reporters.JUnitXMLReporter -->
<testsuite ignored="0" hostname="LAPTOP-PG58VPJS" failures="0" tests="4" name="Test" time="0.064" errors="0" timestamp="2024-06-29T13:43:37 IST">
  <testcase classname="pac1.ContactTest1" name="createcontactTest" time="0.008"/>
  <testcase classname="pac1.ContactTest1" name="modifycontactTest" time="0.0"/>
  <testcase classname="pack3.CreateEmailTest" name="createEmail" time="0.001"/>
  <testcase classname="pack3.CreateEmailTest" name="modifyEmail" time="0.001"/>
</testsuite> <!-- Test -->
